(WHILE STATEMENT EXCLUDED LAST CASE (9, 9, 9), MODIFIED SO SHOULD PASS ALL TESTS NOW)
= Host-specific information ====================================================
$> hostname; uname -msr
e1z3r4p5.42.us.org
Darwin 17.4.0 x86_64
$> date
Thu Apr 11 10:45:02 PDT 2019
$> gcc --version
Configured with: --prefix=/Library/Developer/CommandLineTools/usr --with-gxx-include-dir=/usr/include/c++/4.2.1
Apple LLVM version 9.1.0 (clang-902.0.39.2)
Target: x86_64-apple-darwin17.4.0
Thread model: posix
InstalledDir: /Library/Developer/CommandLineTools/usr/bin
$> clang --version
Apple LLVM version 9.1.0 (clang-902.0.39.2)
Target: x86_64-apple-darwin17.4.0
Thread model: posix
InstalledDir: /Library/Developer/CommandLineTools/usr/bin

= User files collection ========================================================
Collecting user files from Vogsphere
Repository URL: auto-exam/2019/c-exam-alone-in-the-dark-intermediate/practice-exam_20190411/zmagauin

= Git history ==================================================================
$> git -C /var/folders/7w/jv3hbxrd6q9gpp7jh8w31v0m0000gp/T/tmp4UvOZj/user log --pretty='%H - %an, %ad : %s'
576b4dc2b1e32a5807b5d10c6575117427f3ff99 - zhagm, Thu Apr 11 10:44:52 2019 -0700 : 0_0_equation init/complete
 
= Collected files ==========================================
$> ls -lAR /var/folders/7w/jv3hbxrd6q9gpp7jh8w31v0m0000gp/T/tmp4UvOZj/user
total 8
-rw-r--r--  1 deepthought  deepthought  257 Apr 11 10:45 __GIT_HISTORY
drwxr-xr-x  3 deepthought  deepthought  102 Apr 11 10:45 equation

/var/folders/7w/jv3hbxrd6q9gpp7jh8w31v0m0000gp/T/tmp4UvOZj/user/equation:
total 8
-rw-r--r--  1 deepthought  deepthought  1247 Apr 11 10:45 equation.c
 
= equation =====================================================================
$> gcc -Wextra -Wall -Werror equation.c main.c -o user_exe 

= Test 1 ===================================================
$> ./baqd0n5zukr0qf1srhjy0y4w 0
$> diff -U 3 user_output_test1 test1.output | cat -e

Diff OK :D
= Test 2 ===================================================
$> ./x7txcjj9laccrj5abpgz5kdv 3
$> diff -U 3 user_output_test2 test2.output | cat -e

Diff OK :D
= Test 3 ===================================================
$> ./d37vwsh9d0g4uo3v4wbgoyfk 31
$> diff -U 3 user_output_test3 test3.output | cat -e

Diff OK :D
= Test 4 ===================================================
$> ./s5m4ulisjcdfzhsk7c45qfby 42
$> diff -U 3 user_output_test4 test4.output | cat -e

Diff OK :D
= Test 5 ===================================================
$> ./cko51svnu6bwcy5bhb2xch4i 54
$> diff -U 3 user_output_test5 test5.output | cat -e

Diff OK :D
= Test 6 ===================================================
$> ./atj8jqgq4cay1rfhse4rhzcq 21
$> diff -U 3 user_output_test6 test6.output | cat -e

Diff OK :D
= Test 7 ===================================================
$> ./rjgreh9mi2w9g7u2wbjjzwyf 111
$> diff -U 3 user_output_test7 test7.output | cat -e

Diff OK :D
= Test 8 ===================================================
$> ./zaw9jwuyjbaoyepwzcigfgha 133
$> diff -U 3 user_output_test8 test8.output | cat -e

Diff OK :D
= Test 9 ===================================================
$> ./d4n77nuo98vu1itkjzmuthf8 198
$> diff -U 3 user_output_test9 test9.output | cat -e
--- user_output_test9	2019-04-11 10:45:05.000000000 -0700$
+++ test9.output	2019-04-11 10:45:05.000000000 -0700$
@@ -0,0 +1 @@$
+A = 9, B = 9, C = 9$

Diff KO :(
Grade: 0

= Final grade: 0 ===============================================================
