= Host-specific information ====================================================
$> hostname; uname -msr
e1z2r5p45.42.us.org
Darwin 17.4.0 x86_64
$> date
Thu Apr 11 11:20:58 PDT 2019
$> gcc --version
Configured with: --prefix=/Library/Developer/CommandLineTools/usr --with-gxx-include-dir=/usr/include/c++/4.2.1
Apple LLVM version 9.0.0 (clang-900.0.39.2)
Target: x86_64-apple-darwin17.4.0
Thread model: posix
InstalledDir: /Library/Developer/CommandLineTools/usr/bin
$> clang --version
Apple LLVM version 9.0.0 (clang-900.0.39.2)
Target: x86_64-apple-darwin17.4.0
Thread model: posix
InstalledDir: /Library/Developer/CommandLineTools/usr/bin

= User files collection ========================================================
Collecting user files from Vogsphere
Repository URL: auto-exam/2019/c-exam-alone-in-the-dark-intermediate/practice-exam_20190411/zmagauin

= Git history ==================================================================
$> git -C /var/folders/rc/x4l0knds3zzcxxvcy49kbs5h0000gp/T/tmpsqeyPv/user log --pretty='%H - %an, %ad : %s'
1a45aee85379e8a63979fb5024fa665a649137ee - zhagm, Thu Apr 11 11:20:17 2019 -0700 : 0_1_find_pivot init/complete
576b4dc2b1e32a5807b5d10c6575117427f3ff99 - zhagm, Thu Apr 11 10:44:52 2019 -0700 : 0_0_equation init/complete
 
= Collected files ==========================================
$> ls -lAR /var/folders/rc/x4l0knds3zzcxxvcy49kbs5h0000gp/T/tmpsqeyPv/user
total 8
-rw-r--r--  1 deepthought  deepthought  545 Apr 11 11:20 __GIT_HISTORY
drwxr-xr-x  3 deepthought  deepthought  102 Apr 11 11:20 find_pivot

/var/folders/rc/x4l0knds3zzcxxvcy49kbs5h0000gp/T/tmpsqeyPv/user/find_pivot:
total 8
-rw-r--r--  1 deepthought  deepthought  1151 Apr 11 11:20 find_pivot.c
 
= find_pivot ===================================================================
$> gcc -Wextra -Wall -Werror find_pivot.c main.c -o user_exe 

= Test 1 ===================================================
$> ./zi7q6oj1hhbcgto21j8kij0f test_00.txt
$> diff -U 3 user_output_test1 test1.output | cat -e

Diff OK :D
= Test 2 ===================================================
$> ./hx3q8unlqx8obfd1a1k76ojf test_01.txt
$> diff -U 3 user_output_test2 test2.output | cat -e

Diff OK :D
= Test 3 ===================================================
$> ./503nzabppx7s7tgpd1pbt9y5 test_02.txt
$> diff -U 3 user_output_test3 test3.output | cat -e

Diff OK :D
= Test 4 ===================================================
$> ./6njkp3snofhkvrh2vjkmv8vk test_03.txt
$> diff -U 3 user_output_test4 test4.output | cat -e

Diff OK :D
= Test 5 ===================================================
$> ./5i1mylg737ip1fr5zq6vjfdr test_04.txt
$> diff -U 3 user_output_test5 test5.output | cat -e

Diff OK :D
= Test 6 ===================================================
$> ./qlkq37q6hfvpatwencd5h0aj test_05.txt
$> diff -U 3 user_output_test6 test6.output | cat -e

Diff OK :D
= Test 7 ===================================================
$> ./a0cdpqvgn4ugqjz0dzsfghog test_06.txt
$> diff -U 3 user_output_test7 test7.output | cat -e

Diff OK :D
= Test 8 ===================================================
$> ./gfj7lesrp24scsxz0k6vbohj test_07.txt
$> diff -U 3 user_output_test8 test8.output | cat -e

Diff OK :D
= Test 9 ===================================================
$> ./hksubodyfjeyjtdbll0n8f9h test_08.txt
$> diff -U 3 user_output_test9 test9.output | cat -e

Diff OK :D
Grade: 1

= Final grade: 1 ===============================================================
